<?xml version="1.0" encoding="UTF-8"?>
<!-- Generated by org.testng.reporters.JUnitXMLReporter -->
<testsuite ignored="0" hostname="LAPTOP-O1ONHJO3" failures="0" tests="5" name="Default test" time="0.165" errors="0" timestamp="2023-12-10T06:38:05 IST">
  <testcase classname="com.testng.groups.GroupsSample" name="test1" time="0.026"/>
  <testcase classname="com.testng.groups.GroupsSample" name="test2" time="0.003"/>
  <testcase classname="com.testng.groups.GroupsSample" name="test3" time="0.002"/>
  <testcase classname="com.testng.groups.GroupsSample" name="test4" time="0.002"/>
  <testcase classname="com.testng.groups.GroupsSample" name="test5" time="0.004"/>
</testsuite> <!-- Default test -->
